
*** Running vivado
    with args -log top_module.vds -m64 -product Vivado -mode batch -messageDb vivado.pb -notrace -source top_module.tcl



****** Vivado v2024.1 (64-bit)
  **** SW Build 5076996 on Wed May 22 18:37:14 MDT 2024
  **** IP Build 5075265 on Wed May 22 21:45:21 MDT 2024
  **** SharedData Build 5076995 on Wed May 22 18:29:18 MDT 2024
  **** Start of session at: Wed Dec 18 03:52:26 2024
    ** Copyright 1986-2022 Xilinx, Inc. All Rights Reserved.
    ** Copyright 2022-2024 Advanced Micro Devices, Inc. All Rights Reserved.

source top_module.tcl -notrace
create_project: Time (s): cpu = 00:00:07 ; elapsed = 00:00:08 . Memory (MB): peak = 549.637 ; gain = 234.828
Command: read_checkpoint -auto_incremental -incremental C:/FPGA/UART/UART.srcs/utils_1/imports/synth_1/top_module.dcp
INFO: [Vivado 12-5825] Read reference checkpoint from C:/FPGA/UART/UART.srcs/utils_1/imports/synth_1/top_module.dcp for incremental synthesis
INFO: [Vivado 12-7989] Please ensure there are no constraint changes
Command: synth_design -top top_module -part xc7a100tcsg324-1
Starting synth_design
Attempting to get a license for feature 'Synthesis' and/or device 'xc7a100t'
INFO: [Common 17-349] Got license for feature 'Synthesis' and/or device 'xc7a100t'
INFO: [Device 21-403] Loading part xc7a100tcsg324-1
INFO: [Device 21-9227] Part: xc7a100tcsg324-1 does not have CEAM library.
INFO: [Designutils 20-5440] No compile time benefit to using incremental synthesis; A full resynthesis will be run
INFO: [Designutils 20-4379] Flow is switching to default flow due to incremental criteria not met. If you would like to alter this behaviour and have the flow terminate instead, please set the following parameter config_implementation {autoIncr.Synth.RejectBehavior Terminate}
INFO: [Synth 8-7079] Multithreading enabled for synth_design using a maximum of 2 processes.
INFO: [Synth 8-7078] Launching helper process for spawning children vivado processes
INFO: [Synth 8-7075] Helper process launched with PID 17216
---------------------------------------------------------------------------------
Starting RTL Elaboration : Time (s): cpu = 00:00:06 ; elapsed = 00:00:06 . Memory (MB): peak = 1419.039 ; gain = 448.629
---------------------------------------------------------------------------------
INFO: [Synth 8-638] synthesizing module 'top_module' [C:/FPGA/UART/UART.srcs/sources_1/new/top_module.vhd:25]
INFO: [Synth 8-3491] module 'Seven_Segment' declared at 'C:/FPGA/UART/UART.srcs/sources_1/new/Seven_Segment.vhd:5' bound to instance 'component1' of component 'Seven_Segment' [C:/FPGA/UART/UART.srcs/sources_1/new/top_module.vhd:83]
INFO: [Synth 8-638] synthesizing module 'Seven_Segment' [C:/FPGA/UART/UART.srcs/sources_1/new/Seven_Segment.vhd:12]
INFO: [Synth 8-3491] module 'Clock_Divider' declared at 'C:/FPGA/UART/UART.srcs/sources_1/new/Clock_Divider.vhd:6' bound to instance 'component1' of component 'Clock_Divider' [C:/FPGA/UART/UART.srcs/sources_1/new/Seven_Segment.vhd:44]
INFO: [Synth 8-638] synthesizing module 'Clock_Divider' [C:/FPGA/UART/UART.srcs/sources_1/new/Clock_Divider.vhd:13]
INFO: [Synth 8-256] done synthesizing module 'Clock_Divider' (0#1) [C:/FPGA/UART/UART.srcs/sources_1/new/Clock_Divider.vhd:13]
INFO: [Synth 8-3491] module 'Decoder' declared at 'C:/FPGA/UART/UART.srcs/sources_1/new/Decoder.vhd:4' bound to instance 'component2' of component 'Decoder' [C:/FPGA/UART/UART.srcs/sources_1/new/Seven_Segment.vhd:45]
INFO: [Synth 8-638] synthesizing module 'Decoder' [C:/FPGA/UART/UART.srcs/sources_1/new/Decoder.vhd:11]
INFO: [Synth 8-226] default block is never used [C:/FPGA/UART/UART.srcs/sources_1/new/Decoder.vhd:18]
INFO: [Synth 8-256] done synthesizing module 'Decoder' (0#1) [C:/FPGA/UART/UART.srcs/sources_1/new/Decoder.vhd:11]
INFO: [Synth 8-3491] module 'Input_Controller' declared at 'C:/FPGA/UART/UART.srcs/sources_1/new/Input_Controller.vhd:4' bound to instance 'component3' of component 'Input_Controller' [C:/FPGA/UART/UART.srcs/sources_1/new/Seven_Segment.vhd:46]
INFO: [Synth 8-638] synthesizing module 'Input_Controller' [C:/FPGA/UART/UART.srcs/sources_1/new/Input_Controller.vhd:11]
INFO: [Synth 8-256] done synthesizing module 'Input_Controller' (0#1) [C:/FPGA/UART/UART.srcs/sources_1/new/Input_Controller.vhd:11]
WARNING: [Synth 8-614] signal 'X' is read in the process but is not in the sensitivity list [C:/FPGA/UART/UART.srcs/sources_1/new/Seven_Segment.vhd:48]
WARNING: [Synth 8-614] signal 'temp' is read in the process but is not in the sensitivity list [C:/FPGA/UART/UART.srcs/sources_1/new/Seven_Segment.vhd:48]
INFO: [Synth 8-256] done synthesizing module 'Seven_Segment' (0#1) [C:/FPGA/UART/UART.srcs/sources_1/new/Seven_Segment.vhd:12]
	Parameter TOTAL_BITS bound to: 8 - type: integer 
	Parameter BAUD_RATE bound to: 115200 - type: integer 
	Parameter SYS_FREQ bound to: 100000000 - type: integer 
INFO: [Synth 8-3491] module 'uart_rx' declared at 'C:/FPGA/UART/UART.srcs/sources_1/new/uart_rx.vhd:4' bound to instance 'component2' of component 'uart_rx' [C:/FPGA/UART/UART.srcs/sources_1/new/top_module.vhd:85]
INFO: [Synth 8-638] synthesizing module 'uart_rx' [C:/FPGA/UART/UART.srcs/sources_1/new/uart_rx.vhd:21]
	Parameter TOTAL_BITS bound to: 8 - type: integer 
	Parameter SYS_FREQ bound to: 100000000 - type: integer 
	Parameter BAUD_RATE bound to: 115200 - type: integer 
INFO: [Synth 8-256] done synthesizing module 'uart_rx' (0#1) [C:/FPGA/UART/UART.srcs/sources_1/new/uart_rx.vhd:21]
	Parameter TOTAL_BITS bound to: 9 - type: integer 
	Parameter BAUD_RATE bound to: 115200 - type: integer 
	Parameter SYS_FREQ bound to: 100000000 - type: integer 
INFO: [Synth 8-3491] module 'uart_tx' declared at 'C:/FPGA/UART/UART.srcs/sources_1/new/uart_tx.vhd:4' bound to instance 'component3' of component 'uart_tx' [C:/FPGA/UART/UART.srcs/sources_1/new/top_module.vhd:88]
INFO: [Synth 8-638] synthesizing module 'uart_tx' [C:/FPGA/UART/UART.srcs/sources_1/new/uart_tx.vhd:24]
	Parameter TOTAL_BITS bound to: 9 - type: integer 
	Parameter SYS_FREQ bound to: 100000000 - type: integer 
	Parameter BAUD_RATE bound to: 115200 - type: integer 
INFO: [Synth 8-256] done synthesizing module 'uart_tx' (0#1) [C:/FPGA/UART/UART.srcs/sources_1/new/uart_tx.vhd:24]
INFO: [Synth 8-256] done synthesizing module 'top_module' (0#1) [C:/FPGA/UART/UART.srcs/sources_1/new/top_module.vhd:25]
---------------------------------------------------------------------------------
Finished RTL Elaboration : Time (s): cpu = 00:00:08 ; elapsed = 00:00:09 . Memory (MB): peak = 1530.363 ; gain = 559.953
---------------------------------------------------------------------------------
---------------------------------------------------------------------------------
Start Handling Custom Attributes
---------------------------------------------------------------------------------
---------------------------------------------------------------------------------
Finished Handling Custom Attributes : Time (s): cpu = 00:00:09 ; elapsed = 00:00:09 . Memory (MB): peak = 1530.363 ; gain = 559.953
---------------------------------------------------------------------------------
---------------------------------------------------------------------------------
Finished RTL Optimization Phase 1 : Time (s): cpu = 00:00:09 ; elapsed = 00:00:09 . Memory (MB): peak = 1530.363 ; gain = 559.953
---------------------------------------------------------------------------------
Netlist sorting complete. Time (s): cpu = 00:00:00 ; elapsed = 00:00:00.005 . Memory (MB): peak = 1530.363 ; gain = 0.000
INFO: [Project 1-570] Preparing netlist for logic optimization

Processing XDC Constraints
Initializing timing engine
Parsing XDC File [C:/FPGA/UART/UART.srcs/constrs_1/new/UART.xdc]
Finished Parsing XDC File [C:/FPGA/UART/UART.srcs/constrs_1/new/UART.xdc]
INFO: [Project 1-236] Implementation specific constraints were found while reading constraint file [C:/FPGA/UART/UART.srcs/constrs_1/new/UART.xdc]. These constraints will be ignored for synthesis but will be used in implementation. Impacted constraints are listed in the file [.Xil/top_module_propImpl.xdc].
Resolution: To avoid this warning, move constraints listed in [.Xil/top_module_propImpl.xdc] to another XDC file and exclude this new file from synthesis with the used_in_synthesis property (File Properties dialog in GUI) and re-run elaboration/synthesis.
Completed Processing XDC Constraints

Netlist sorting complete. Time (s): cpu = 00:00:00 ; elapsed = 00:00:00 . Memory (MB): peak = 1625.855 ; gain = 0.000
INFO: [Project 1-111] Unisim Transformation Summary:
No Unisim elements were transformed.

Constraint Validation Runtime : Time (s): cpu = 00:00:00 ; elapsed = 00:00:00.003 . Memory (MB): peak = 1625.855 ; gain = 0.000
INFO: [Designutils 20-5440] No compile time benefit to using incremental synthesis; A full resynthesis will be run
INFO: [Designutils 20-4379] Flow is switching to default flow due to incremental criteria not met. If you would like to alter this behaviour and have the flow terminate instead, please set the following parameter config_implementation {autoIncr.Synth.RejectBehavior Terminate}
---------------------------------------------------------------------------------
Finished Constraint Validation : Time (s): cpu = 00:00:20 ; elapsed = 00:00:21 . Memory (MB): peak = 1625.855 ; gain = 655.445
---------------------------------------------------------------------------------
---------------------------------------------------------------------------------
Start Loading Part and Timing Information
---------------------------------------------------------------------------------
Loading part: xc7a100tcsg324-1
---------------------------------------------------------------------------------
Finished Loading Part and Timing Information : Time (s): cpu = 00:00:20 ; elapsed = 00:00:21 . Memory (MB): peak = 1625.855 ; gain = 655.445
---------------------------------------------------------------------------------
---------------------------------------------------------------------------------
Start Applying 'set_property' XDC Constraints
---------------------------------------------------------------------------------
---------------------------------------------------------------------------------
Finished applying 'set_property' XDC Constraints : Time (s): cpu = 00:00:20 ; elapsed = 00:00:21 . Memory (MB): peak = 1625.855 ; gain = 655.445
---------------------------------------------------------------------------------
INFO: [Synth 8-802] inferred FSM for state register 'state_reg' in module 'uart_rx'
INFO: [Synth 8-802] inferred FSM for state register 'state_reg' in module 'uart_tx'
WARNING: [Synth 8-327] inferring latch for variable 'X_reg' [C:/FPGA/UART/UART.srcs/sources_1/new/Input_Controller.vhd:31]
WARNING: [Synth 8-327] inferring latch for variable 'temp_reg' [C:/FPGA/UART/UART.srcs/sources_1/new/Seven_Segment.vhd:53]
---------------------------------------------------------------------------------------------------
                   State |                     New Encoding |                Previous Encoding 
---------------------------------------------------------------------------------------------------
                    idle |                               00 |                               00
                   start |                               01 |                               01
                   shift |                               10 |                               10
                    stop |                               11 |                               11
---------------------------------------------------------------------------------------------------
INFO: [Synth 8-3354] encoded FSM with state register 'state_reg' using encoding 'sequential' in module 'uart_rx'
---------------------------------------------------------------------------------------------------
                   State |                     New Encoding |                Previous Encoding 
---------------------------------------------------------------------------------------------------
                    idle |                               00 |                               00
                   start |                               01 |                               01
                   shift |                               10 |                               10
                    stop |                               11 |                               11
---------------------------------------------------------------------------------------------------
INFO: [Synth 8-3354] encoded FSM with state register 'state_reg' using encoding 'sequential' in module 'uart_tx'
---------------------------------------------------------------------------------
Finished RTL Optimization Phase 2 : Time (s): cpu = 00:00:20 ; elapsed = 00:00:21 . Memory (MB): peak = 1625.855 ; gain = 655.445
---------------------------------------------------------------------------------
---------------------------------------------------------------------------------
Start RTL Component Statistics 
---------------------------------------------------------------------------------
Detailed RTL Component Info : 
+---Adders : 
	   2 Input   32 Bit       Adders := 1     
	   2 Input   10 Bit       Adders := 2     
	   2 Input    4 Bit       Adders := 2     
+---Registers : 
	               32 Bit    Registers := 1     
	               10 Bit    Registers := 2     
	                9 Bit    Registers := 2     
	                8 Bit    Registers := 2     
	                4 Bit    Registers := 2     
	                1 Bit    Registers := 4     
+---Muxes : 
	   4 Input   10 Bit        Muxes := 2     
	   8 Input    8 Bit        Muxes := 1     
	   2 Input    8 Bit        Muxes := 1     
	   4 Input    8 Bit        Muxes := 2     
	   2 Input    7 Bit        Muxes := 1     
	   4 Input    4 Bit        Muxes := 2     
	   2 Input    4 Bit        Muxes := 1     
	   2 Input    3 Bit        Muxes := 1     
	   8 Input    3 Bit        Muxes := 1     
	   4 Input    2 Bit        Muxes := 2     
	   2 Input    1 Bit        Muxes := 11    
	   8 Input    1 Bit        Muxes := 1     
	   4 Input    1 Bit        Muxes := 11    
	   3 Input    1 Bit        Muxes := 2     
---------------------------------------------------------------------------------
Finished RTL Component Statistics 
---------------------------------------------------------------------------------
---------------------------------------------------------------------------------
Start Part Resource Summary
---------------------------------------------------------------------------------
Part Resources:
DSPs: 240 (col length:80)
BRAMs: 270 (col length: RAMB18 80 RAMB36 40)
---------------------------------------------------------------------------------
Finished Part Resource Summary
---------------------------------------------------------------------------------
---------------------------------------------------------------------------------
Start Cross Boundary and Area Optimization
---------------------------------------------------------------------------------
WARNING: [Synth 8-7080] Parallel synthesis criteria is not met
WARNING: [Synth 8-3332] Sequential element (component1/temp_reg[7]) is unused and will be removed from module top_module.
WARNING: [Synth 8-3332] Sequential element (component1/temp_reg[0]) is unused and will be removed from module top_module.
---------------------------------------------------------------------------------
Finished Cross Boundary and Area Optimization : Time (s): cpu = 00:00:25 ; elapsed = 00:00:26 . Memory (MB): peak = 1625.855 ; gain = 655.445
---------------------------------------------------------------------------------
---------------------------------------------------------------------------------
Start Applying XDC Timing Constraints
---------------------------------------------------------------------------------
---------------------------------------------------------------------------------
Finished Applying XDC Timing Constraints : Time (s): cpu = 00:00:32 ; elapsed = 00:00:33 . Memory (MB): peak = 1625.855 ; gain = 655.445
---------------------------------------------------------------------------------
---------------------------------------------------------------------------------
Start Timing Optimization
---------------------------------------------------------------------------------
---------------------------------------------------------------------------------
Finished Timing Optimization : Time (s): cpu = 00:00:32 ; elapsed = 00:00:33 . Memory (MB): peak = 1625.855 ; gain = 655.445
---------------------------------------------------------------------------------
---------------------------------------------------------------------------------
Start Technology Mapping
---------------------------------------------------------------------------------
---------------------------------------------------------------------------------
Finished Technology Mapping : Time (s): cpu = 00:00:32 ; elapsed = 00:00:33 . Memory (MB): peak = 1625.855 ; gain = 655.445
---------------------------------------------------------------------------------
---------------------------------------------------------------------------------
Start IO Insertion
---------------------------------------------------------------------------------
---------------------------------------------------------------------------------
Start Flattening Before IO Insertion
---------------------------------------------------------------------------------
---------------------------------------------------------------------------------
Finished Flattening Before IO Insertion
---------------------------------------------------------------------------------
---------------------------------------------------------------------------------
Start Final Netlist Cleanup
---------------------------------------------------------------------------------
---------------------------------------------------------------------------------
Finished Final Netlist Cleanup
---------------------------------------------------------------------------------
---------------------------------------------------------------------------------
Finished IO Insertion : Time (s): cpu = 00:00:38 ; elapsed = 00:00:39 . Memory (MB): peak = 1625.855 ; gain = 655.445
---------------------------------------------------------------------------------
---------------------------------------------------------------------------------
Start Renaming Generated Instances
---------------------------------------------------------------------------------
---------------------------------------------------------------------------------
Finished Renaming Generated Instances : Time (s): cpu = 00:00:38 ; elapsed = 00:00:39 . Memory (MB): peak = 1625.855 ; gain = 655.445
---------------------------------------------------------------------------------
---------------------------------------------------------------------------------
Start Rebuilding User Hierarchy
---------------------------------------------------------------------------------
---------------------------------------------------------------------------------
Finished Rebuilding User Hierarchy : Time (s): cpu = 00:00:38 ; elapsed = 00:00:39 . Memory (MB): peak = 1625.855 ; gain = 655.445
---------------------------------------------------------------------------------
---------------------------------------------------------------------------------
Start Renaming Generated Ports
---------------------------------------------------------------------------------
---------------------------------------------------------------------------------
Finished Renaming Generated Ports : Time (s): cpu = 00:00:38 ; elapsed = 00:00:39 . Memory (MB): peak = 1625.855 ; gain = 655.445
---------------------------------------------------------------------------------
---------------------------------------------------------------------------------
Start Handling Custom Attributes
---------------------------------------------------------------------------------
---------------------------------------------------------------------------------
Finished Handling Custom Attributes : Time (s): cpu = 00:00:38 ; elapsed = 00:00:39 . Memory (MB): peak = 1625.855 ; gain = 655.445
---------------------------------------------------------------------------------
---------------------------------------------------------------------------------
Start Renaming Generated Nets
---------------------------------------------------------------------------------
---------------------------------------------------------------------------------
Finished Renaming Generated Nets : Time (s): cpu = 00:00:38 ; elapsed = 00:00:39 . Memory (MB): peak = 1625.855 ; gain = 655.445
---------------------------------------------------------------------------------
---------------------------------------------------------------------------------
Start Writing Synthesis Report
---------------------------------------------------------------------------------

Report BlackBoxes: 
+-+--------------+----------+
| |BlackBox name |Instances |
+-+--------------+----------+
+-+--------------+----------+

Report Cell Usage: 
+------+-------+------+
|      |Cell   |Count |
+------+-------+------+
|1     |BUFG   |     2|
|2     |CARRY4 |    25|
|3     |LUT1   |    15|
|4     |LUT2   |    45|
|5     |LUT3   |    18|
|6     |LUT4   |    20|
|7     |LUT5   |    34|
|8     |LUT6   |    47|
|9     |FDRE   |   126|
|10    |FDSE   |     4|
|11    |LD     |     9|
|12    |IBUF   |    12|
|13    |OBUF   |    18|
+------+-------+------+
---------------------------------------------------------------------------------
Finished Writing Synthesis Report : Time (s): cpu = 00:00:38 ; elapsed = 00:00:39 . Memory (MB): peak = 1625.855 ; gain = 655.445
---------------------------------------------------------------------------------
Synthesis finished with 0 errors, 0 critical warnings and 5 warnings.
Synthesis Optimization Runtime : Time (s): cpu = 00:00:27 ; elapsed = 00:00:37 . Memory (MB): peak = 1625.855 ; gain = 559.953
Synthesis Optimization Complete : Time (s): cpu = 00:00:38 ; elapsed = 00:00:40 . Memory (MB): peak = 1625.855 ; gain = 655.445
INFO: [Project 1-571] Translating synthesized netlist
Netlist sorting complete. Time (s): cpu = 00:00:00 ; elapsed = 00:00:00.005 . Memory (MB): peak = 1625.855 ; gain = 0.000
INFO: [Netlist 29-17] Analyzing 34 Unisim elements for replacement
INFO: [Netlist 29-28] Unisim Transformation completed in 0 CPU seconds
INFO: [Project 1-570] Preparing netlist for logic optimization
INFO: [Opt 31-138] Pushed 0 inverter(s) to 0 load pin(s).
Netlist sorting complete. Time (s): cpu = 00:00:00 ; elapsed = 00:00:00 . Memory (MB): peak = 1625.855 ; gain = 0.000
INFO: [Project 1-111] Unisim Transformation Summary:
  A total of 9 instances were transformed.
  LD => LDCE: 9 instances

Synth Design complete | Checksum: 2e6b275e
INFO: [Common 17-83] Releasing license: Synthesis
47 Infos, 7 Warnings, 0 Critical Warnings and 0 Errors encountered.
synth_design completed successfully
synth_design: Time (s): cpu = 00:00:43 ; elapsed = 00:00:47 . Memory (MB): peak = 1625.855 ; gain = 1072.016
Write ShapeDB Complete: Time (s): cpu = 00:00:01 ; elapsed = 00:00:00.002 . Memory (MB): peak = 1625.855 ; gain = 0.000
INFO: [Common 17-1381] The checkpoint 'C:/FPGA/UART/UART.runs/synth_1/top_module.dcp' has been generated.
INFO: [Vivado 12-24828] Executing command : report_utilization -file top_module_utilization_synth.rpt -pb top_module_utilization_synth.pb
INFO: [Common 17-206] Exiting Vivado at Wed Dec 18 03:53:24 2024...
